<?xml version="1.0" encoding="UTF-8"?>
<testsuite name="com.thoughtworks.measure.LengthMeasurementTest" tests="1" skipped="0" failures="0" errors="0" timestamp="2019-09-27T04:29:55" hostname="Sushants-MacBook-Pro.local" time="0.0">
  <properties/>
  <testcase name="givenFeetAsZero_whenCompareLength_thenReturnZeroInch" classname="com.thoughtworks.measure.LengthMeasurementTest" time="0.0"/>
  <system-out><![CDATA[]]></system-out>
  <system-err><![CDATA[]]></system-err>
</testsuite>
