<?xml version="1.0" encoding="UTF-8"?>
<testsuite name="com.thoughtworks.measure.QuantityMeasurementTest" tests="1" skipped="0" failures="0" errors="0" timestamp="2019-09-27T04:37:35" hostname="Sushants-MacBook-Pro.local" time="0.001">
  <properties/>
  <testcase name="givenFeetAsZero_whenCompareLength_thenReturnZeroInch" classname="com.thoughtworks.measure.QuantityMeasurementTest" time="0.001"/>
  <system-out><![CDATA[]]></system-out>
  <system-err><![CDATA[]]></system-err>
</testsuite>
