<?xml version="1.0" encoding="UTF-8"?>
<testsuite name="com.thoughtworks.measure.LengthTest" tests="11" skipped="0" failures="0" errors="0" timestamp="2019-09-28T06:28:38" hostname="Sushants-MacBook-Pro.local" time="0.011">
  <properties/>
  <testcase name="givenFeetAsZero_whenCompareFeet_thenShouldBeEqual" classname="com.thoughtworks.measure.LengthTest" time="0.004"/>
  <testcase name="givenFeetAsOne_whenCompareFeet_thenShouldBeEqual" classname="com.thoughtworks.measure.LengthTest" time="0.0"/>
  <testcase name="givenFirstFeetValueAsOneAndSecondFeetValueAsTwo_whenCompareFeet_thenShouldNotBeEqual" classname="com.thoughtworks.measure.LengthTest" time="0.0"/>
  <testcase name="givenInchAsZero_whenCompareInch_thenShouldBeEqual" classname="com.thoughtworks.measure.LengthTest" time="0.0"/>
  <testcase name="givenFirstInchAsOneAndSecondInchAsTwo_whenCompareFeet_thenShouldNotBeEqual" classname="com.thoughtworks.measure.LengthTest" time="0.0"/>
  <testcase name="givenInchAsZeroAndNull_whenCompareInch_thenShouldNotBeEqual" classname="com.thoughtworks.measure.LengthTest" time="0.0"/>
  <testcase name="givenInchAsOne_whenCompareInch_thenShouldBeEqual" classname="com.thoughtworks.measure.LengthTest" time="0.001"/>
  <testcase name="givenInchAsZeroAndObject_whenCompareInch_thenShouldNotBeEqual" classname="com.thoughtworks.measure.LengthTest" time="0.001"/>
  <testcase name="givenFeetAsOneAndNull_whenCompareFeet_thenShouldNoteBeEqual" classname="com.thoughtworks.measure.LengthTest" time="0.001"/>
  <testcase name="givenFeetAsOneAndInchAsOne_whenCompareBoth_thenShouldNoteBeEqual" classname="com.thoughtworks.measure.LengthTest" time="0.001"/>
  <testcase name="givenFeetAsOneAndAObject_whenCompareFeet_thenShouldNoteBeEqual" classname="com.thoughtworks.measure.LengthTest" time="0.0"/>
  <system-out><![CDATA[]]></system-out>
  <system-err><![CDATA[]]></system-err>
</testsuite>
