<?xml version="1.0" encoding="UTF-8"?>
<testsuite name="com.thoughtworks.measure.AddQuantityTest" tests="13" skipped="0" failures="0" errors="0" timestamp="2019-10-01T11:21:33" hostname="Sushants-MacBook-Pro.local" time="0.006">
  <properties/>
  <testcase name="givenOneGallon_whenCompare_thenShouldBeTrue" classname="com.thoughtworks.measure.AddQuantityTest" time="0.002"/>
  <testcase name="givenFirstGramAsOneAndSecondGramAsTwo_whenAdded_thenShouldBeThreeGram" classname="com.thoughtworks.measure.AddQuantityTest" time="0.0"/>
  <testcase name="givenOneFeetAndTwoInch_whenAdded_thenShouldBeFourteenInches" classname="com.thoughtworks.measure.AddQuantityTest" time="0.0"/>
  <testcase name="givenTwoInchAndOneFeet_whenAdded_thenShouldBeFourteenInches" classname="com.thoughtworks.measure.AddQuantityTest" time="0.0"/>
  <testcase name="givenFirstInchAsOneAndSecondInchAsTwo_whenAdded_thenShouldBeThreeInches" classname="com.thoughtworks.measure.AddQuantityTest" time="0.0"/>
  <testcase name="givenOneKilogramAndOneGram_whenAdded_thenShouldOneThousandOneGram" classname="com.thoughtworks.measure.AddQuantityTest" time="0.0"/>
  <testcase name="givenInchAsZero_whenAdded_thenShouldBeZero" classname="com.thoughtworks.measure.AddQuantityTest" time="0.0"/>
  <testcase name="givenOneGallonAndOneLiter_whenAdded_thenShouldBeFourPointSeventyEight" classname="com.thoughtworks.measure.AddQuantityTest" time="0.0"/>
  <testcase name="givenZeroGram_whenAdded_thenShouldBeZero" classname="com.thoughtworks.measure.AddQuantityTest" time="0.0"/>
  <testcase name="givenOneGallonAndOnefeet_whenAdded_thenThrowRunTimeException" classname="com.thoughtworks.measure.AddQuantityTest" time="0.0"/>
  <testcase name="givenFirstInchAsTwoAndSecondInchAsTwo_whenAdded_thenShouldBeFourInches" classname="com.thoughtworks.measure.AddQuantityTest" time="0.0"/>
  <testcase name="givenOneGallonAndOnefeet_checkUnits_thenShouldNotBeEquals" classname="com.thoughtworks.measure.AddQuantityTest" time="0.0"/>
  <testcase name="givenOneGramAndOneKilogram_whenAdded_thenShouldOneThousandOneGram" classname="com.thoughtworks.measure.AddQuantityTest" time="0.0"/>
  <system-out><![CDATA[]]></system-out>
  <system-err><![CDATA[]]></system-err>
</testsuite>
